13:55:30.872 [main] INFO  p.dividend.DividendApplication - Starting DividendApplication using Java 17.0.10 on DESKTOP-DGSEBC5 with PID 16016 (C:\Users\user\Desktop\dividend\build\classes\java\main started by user in C:\Users\user\Desktop\dividend)
13:55:30.877 [main] INFO  p.dividend.DividendApplication - No active profile set, falling back to default profiles: default
13:55:32.450 [main] INFO  o.s.d.r.c.RepositoryConfigurationDelegate - Multiple Spring Data modules found, entering strict repository configuration mode!
13:55:32.454 [main] INFO  o.s.d.r.c.RepositoryConfigurationDelegate - Bootstrapping Spring Data JPA repositories in DEFAULT mode.
13:55:33.048 [main] INFO  o.s.d.r.c.RepositoryConfigurationDelegate - Finished Spring Data repository scanning in 579 ms. Found 3 JPA repository interfaces.
13:55:33.096 [main] INFO  o.s.d.r.c.RepositoryConfigurationDelegate - Multiple Spring Data modules found, entering strict repository configuration mode!
13:55:33.100 [main] INFO  o.s.d.r.c.RepositoryConfigurationDelegate - Bootstrapping Spring Data Redis repositories in DEFAULT mode.
13:55:33.154 [main] INFO  o.s.d.r.c.RepositoryConfigurationExtensionSupport - Spring Data Redis - Could not safely identify store assignment for repository candidate interface panicathe.dividend.persist.CompanyRepository. If you want this repository to be a Redis repository, consider annotating your entities with one of these annotations: org.springframework.data.redis.core.RedisHash (preferred), or consider extending one of the following types with your repository: org.springframework.data.keyvalue.repository.KeyValueRepository.
13:55:33.159 [main] INFO  o.s.d.r.c.RepositoryConfigurationExtensionSupport - Spring Data Redis - Could not safely identify store assignment for repository candidate interface panicathe.dividend.persist.DividendRepository. If you want this repository to be a Redis repository, consider annotating your entities with one of these annotations: org.springframework.data.redis.core.RedisHash (preferred), or consider extending one of the following types with your repository: org.springframework.data.keyvalue.repository.KeyValueRepository.
13:55:33.161 [main] INFO  o.s.d.r.c.RepositoryConfigurationExtensionSupport - Spring Data Redis - Could not safely identify store assignment for repository candidate interface panicathe.dividend.persist.MemberRepository. If you want this repository to be a Redis repository, consider annotating your entities with one of these annotations: org.springframework.data.redis.core.RedisHash (preferred), or consider extending one of the following types with your repository: org.springframework.data.keyvalue.repository.KeyValueRepository.
13:55:33.162 [main] INFO  o.s.d.r.c.RepositoryConfigurationDelegate - Finished Spring Data repository scanning in 30 ms. Found 0 Redis repository interfaces.
13:55:35.399 [main] INFO  o.s.c.s.PostProcessorRegistrationDelegate$BeanPostProcessorChecker - Bean 'org.springframework.security.access.expression.method.DefaultMethodSecurityExpressionHandler@3b7eac14' of type [org.springframework.security.access.expression.method.DefaultMethodSecurityExpressionHandler] is not eligible for getting processed by all BeanPostProcessors (for example: not eligible for auto-proxying)
13:55:35.431 [main] INFO  o.s.c.s.PostProcessorRegistrationDelegate$BeanPostProcessorChecker - Bean 'methodSecurityMetadataSource' of type [org.springframework.security.access.method.DelegatingMethodSecurityMetadataSource] is not eligible for getting processed by all BeanPostProcessors (for example: not eligible for auto-proxying)
13:55:36.357 [main] INFO  o.s.b.w.e.tomcat.TomcatWebServer - Tomcat initialized with port(s): 8080 (http)
13:55:36.387 [main] INFO  o.a.coyote.http11.Http11NioProtocol - Initializing ProtocolHandler ["http-nio-8080"]
13:55:36.389 [main] INFO  o.a.catalina.core.StandardService - Starting service [Tomcat]
13:55:36.390 [main] INFO  o.a.catalina.core.StandardEngine - Starting Servlet engine: [Apache Tomcat/9.0.54]
13:55:36.635 [main] INFO  o.a.c.c.C.[Tomcat].[localhost].[/] - Initializing Spring embedded WebApplicationContext
13:55:36.637 [main] INFO  o.s.b.w.s.c.ServletWebServerApplicationContext - Root WebApplicationContext: initialization completed in 5636 ms
13:55:36.717 [main] INFO  com.zaxxer.hikari.HikariDataSource - HikariPool-1 - Starting...
13:55:37.318 [main] INFO  com.zaxxer.hikari.HikariDataSource - HikariPool-1 - Start completed.
13:55:37.330 [main] INFO  o.s.b.a.h.H2ConsoleAutoConfiguration - H2 console available at '/h2-console'. Database available at 'jdbc:h2:mem:dividend'
13:55:37.720 [main] INFO  o.h.jpa.internal.util.LogHelper - HHH000204: Processing PersistenceUnitInfo [name: default]
13:55:37.861 [main] INFO  org.hibernate.Version - HHH000412: Hibernate ORM core version 5.4.32.Final
13:55:38.185 [main] INFO  o.h.annotations.common.Version - HCANN000001: Hibernate Commons Annotations {5.1.2.Final}
13:55:38.432 [main] INFO  org.hibernate.dialect.Dialect - HHH000400: Using dialect: org.hibernate.dialect.H2Dialect
13:55:39.887 [main] INFO  o.h.e.t.j.p.i.JtaPlatformInitiator - HHH000490: Using JtaPlatform implementation: [org.hibernate.engine.transaction.jta.platform.internal.NoJtaPlatform]
13:55:39.903 [main] INFO  o.s.o.j.LocalContainerEntityManagerFactoryBean - Initialized JPA EntityManagerFactory for persistence unit 'default'
13:55:41.201 [main] WARN  o.s.b.a.o.j.JpaBaseConfiguration$JpaWebConfiguration - spring.jpa.open-in-view is enabled by default. Therefore, database queries may be performed during view rendering. Explicitly configure spring.jpa.open-in-view to disable this warning
13:55:42.189 [main] INFO  o.s.s.web.DefaultSecurityFilterChain - Will secure Ant [pattern='/h2-console/**'] with []
13:55:42.241 [main] INFO  o.s.s.web.DefaultSecurityFilterChain - Will secure any request with [org.springframework.security.web.context.request.async.WebAsyncManagerIntegrationFilter@1773faf8, org.springframework.security.web.context.SecurityContextPersistenceFilter@37a36194, org.springframework.security.web.header.HeaderWriterFilter@7b6b8cea, org.springframework.security.web.authentication.logout.LogoutFilter@23e1f610, panicathe.dividend.security.JwtAuthenticationFilter@2a9e7b4d, org.springframework.security.web.savedrequest.RequestCacheAwareFilter@6abaa14b, org.springframework.security.web.servletapi.SecurityContextHolderAwareRequestFilter@687d31a9, org.springframework.security.web.authentication.AnonymousAuthenticationFilter@3ef4a8fb, org.springframework.security.web.session.SessionManagementFilter@7cf166db, org.springframework.security.web.access.ExceptionTranslationFilter@5cef5fc9, org.springframework.security.web.access.intercept.FilterSecurityInterceptor@341141ab]
13:55:43.250 [main] INFO  o.a.coyote.http11.Http11NioProtocol - Starting ProtocolHandler ["http-nio-8080"]
13:55:43.339 [main] INFO  o.s.b.w.e.tomcat.TomcatWebServer - Tomcat started on port(s): 8080 (http) with context path ''
13:55:43.362 [main] INFO  p.dividend.DividendApplication - Started DividendApplication in 13.33 seconds (JVM running for 14.798)
14:06:34.019 [http-nio-8080-exec-1] INFO  o.a.c.c.C.[Tomcat].[localhost].[/] - Initializing Spring DispatcherServlet 'dispatcherServlet'
14:06:34.020 [http-nio-8080-exec-1] INFO  o.s.web.servlet.DispatcherServlet - Initializing Servlet 'dispatcherServlet'
14:06:34.022 [http-nio-8080-exec-1] INFO  o.s.web.servlet.DispatcherServlet - Completed initialization in 2 ms
14:06:38.425 [http-nio-8080-exec-2] INFO  p.dividend.web.AuthController - user login -> banana
14:06:54.700 [http-nio-8080-exec-3] INFO  p.d.security.JwtAuthenticationFilter - [banana] -> /company
14:07:17.566 [http-nio-8080-exec-4] INFO  p.d.security.JwtAuthenticationFilter - [banana] -> /company
14:07:32.098 [http-nio-8080-exec-5] INFO  p.dividend.service.FinanceService - search company -> 3M Company
15:04:27.132 [http-nio-8080-exec-2] INFO  p.dividend.service.FinanceService - search company -> 3M Compan
15:08:14.625 [http-nio-8080-exec-9] INFO  p.dividend.web.AuthController - user login -> banana
15:08:21.738 [http-nio-8080-exec-10] INFO  p.d.security.JwtAuthenticationFilter - [banana] -> /company/MMM
15:08:49.165 [http-nio-8080-exec-2] INFO  p.d.security.JwtAuthenticationFilter - [banana] -> /company
15:08:58.999 [http-nio-8080-exec-3] INFO  p.d.security.JwtAuthenticationFilter - [banana] -> /company
15:15:51.429 [http-nio-8080-exec-10] INFO  p.d.security.JwtAuthenticationFilter - [banana] -> /company
15:16:16.988 [SpringApplicationShutdownHook] INFO  o.s.o.j.LocalContainerEntityManagerFactoryBean - Closing JPA EntityManagerFactory for persistence unit 'default'
15:16:17.022 [SpringApplicationShutdownHook] INFO  com.zaxxer.hikari.HikariDataSource - HikariPool-1 - Shutdown initiated...
15:16:17.034 [SpringApplicationShutdownHook] INFO  com.zaxxer.hikari.HikariDataSource - HikariPool-1 - Shutdown completed.
